<?xml version="1.0" encoding="UTF-8"?>
<!-- Generated by org.testng.reporters.JUnitReportReporter -->
<testsuite skipped="0" hostname="LEON-LT-180226B" name="Testing.TC_1" tests="1" failures="0" timestamp="17 Jul 2020 16:25:27 GMT" time="61.190" errors="0">
  <testcase name="TC_Microsoft_Navigation" time="61.190" classname="Testing.TC_1"/>
</testsuite> <!-- Testing.TC_1 -->
